<?xml version="1.0" encoding="UTF-8" ?>
<testsuite errors="0" failures="0" hostname="khalefa-VirtualBox" name="TestSkyline" tests="5" time="0.13" timestamp="2014-02-15T17:41:52">
  <properties>
[...]
</properties>
  <testcase classname="TestSkyline" name="test_point" time="0.012" />
  <testcase classname="TestSkyline" name="test_skyline" time="0.013" />
  <testcase classname="TestSkyline" name="test_dominates" time="0.002" />
  <testcase classname="TestSkyline" name="test_part" time="0.006" />
  <testcase classname="TestSkyline" name="test_skyline2" time="0.001" />
  <system-out><![CDATA[]]></system-out>
  <system-err><![CDATA[]]></system-err>
</testsuite>
